--2020-02-29 06:19:06--  http://www.nanoflix.pro/tvshows/The%20Office/Season%209/The%20Office%20(US)%20-%209x18.mp4
Resolving www.nanoflix.pro (www.nanoflix.pro)... 149.56.25.133
Connecting to www.nanoflix.pro (www.nanoflix.pro)|149.56.25.133|:80... connected.
HTTP request sent, awaiting response... 200 OK
Length: 66737338 (64M) [video/mp4]
Saving to: '/home/PlexCollection/showTemp/OfficeS1S9/The Office (US) - 9x18.mp4'

     0K .......... .......... .......... .......... ..........  0%  663K 98s
    50K .......... .......... .......... .......... ..........  0% 1.29M 74s
   100K .......... .......... .......... .......... ..........  0%  110M 49s
   150K .......... .......... .......... .......... ..........  0% 1.32M 49s
   200K .......... .......... .......... .......... ..........  0%  112M 39s
   250K .......... .......... .......... .......... ..........  0%  131M 33s
   300K .......... .......... .......... .......... ..........  0% 87.1M 28s
   350K .......... .......... .......... .......... ..........  0% 1.35M 30s
   400K .......... .......... .......... .......... ..........  0% 95.5M 27s
   450K .......... .......... .......... .......... ..........  0%  125M 24s
   500K .......... .......... .......... .......... ..........  0%  128M 22s
   550K .......... .......... .......... .......... ..........  0% 81.8M 20s
   600K .......... .......... .......... .......... ..........  0%  132M 19s
   650K .......... .......... .......... .......... ..........  1%  153M 18s
   700K .......... .......... .......... .......... ..........  1% 96.5M 16s
   750K .......... .......... .......... .......... ..........  1% 1.41M 18s
   800K .......... .......... .......... .......... ..........  1% 92.1M 17s
   850K .......... .......... .......... .......... ..........  1% 87.0M 16s
   900K .......... .......... .......... .......... ..........  1%  135M 15s
   950K .......... .......... .......... .......... ..........  1%  136M 15s
  1000K .......... .......... .......... .......... ..........  1% 66.6M 14s
  1050K .......... .......... .......... .......... ..........  1%  123M 13s
  1100K .......... .......... .......... .......... ..........  1%  120M 13s
  1150K .......... .......... .......... .......... ..........  1%  132M 12s
  1200K .......... .......... .......... .......... ..........  1% 74.7M 12s
  1250K .......... .......... .......... .......... ..........  1%  152M 11s
  1300K .......... .......... .......... .......... ..........  2%  125M 11s
  1350K .......... .......... .......... .......... ..........  2%  123M 11s
  1400K .......... .......... .......... .......... ..........  2% 94.5M 10s
  1450K .......... .......... .......... .......... ..........  2%  109M 10s
  1500K .......... .......... .......... .......... ..........  2% 1.60M 11s
  1550K .......... .......... .......... .......... ..........  2%  121M 10s
  1600K .......... .......... .......... .......... ..........  2%  103M 10s
  1650K .......... .......... .......... .......... ..........  2% 92.9M 10s
  1700K .......... .......... .......... .......... ..........  2% 94.1M 10s
  1750K .......... .......... .......... .......... ..........  2%  131M 9s
  1800K .......... .......... .......... .......... ..........  2%  134M 9s
  1850K .......... .......... .......... .......... ..........  2%  125M 9s
  1900K .......... .......... .......... .......... ..........  2% 71.7M 9s
  1950K .......... .......... .......... .......... ..........  3%  108M 8s
  2000K .......... .......... .......... .......... ..........  3%  122M 8s
  2050K .......... .......... .......... .......... ..........  3%  104M 8s
  2100K .......... .......... .......... .......... ..........  3%  110M 8s
  2150K .......... .......... .......... .......... ..........  3% 73.1M 8s
  2200K .......... .......... .......... .......... ..........  3%  130M 8s
  2250K .......... .......... .......... .......... ..........  3% 98.3M 7s
  2300K .......... .......... .......... .......... ..........  3%  107M 7s
  2350K .......... .......... .......... .......... ..........  3%  115M 7s
  2400K .......... .......... .......... .......... ..........  3% 83.0M 7s
  2450K .......... .......... .......... .......... ..........  3%  132M 7s
  2500K .......... .......... .......... .......... ..........  3%  194M 7s
  2550K .......... .......... .......... .......... ..........  3% 1.70M 7s
  2600K .......... .......... .......... .......... ..........  4%  130M 7s
  2650K .......... .......... .......... .......... ..........  4% 69.2M 7s
  2700K .......... .......... .......... .......... ..........  4%  207M 7s
  2750K .......... .......... .......... .......... ..........  4% 80.8M 7s
  2800K .......... .......... .......... .......... ..........  4%  171M 7s
  2850K .......... .......... .......... .......... ..........  4% 96.1M 7s
  2900K .......... .......... .......... .......... ..........  4%  107M 6s
  2950K .......... .......... .......... .......... ..........  4%  163M 6s
  3000K .......... .......... .......... .......... ..........  4% 88.9M 6s
  3050K .......... .......... .......... .......... ..........  4%  113M 6s
  3100K .......... .......... .......... .......... ..........  4% 86.0M 6s
  3150K .......... .......... .......... .......... ..........  4%  164M 6s
  3200K .......... .......... .......... .......... ..........  4%  144M 6s
  3250K .......... .......... .......... .......... ..........  5% 95.9M 6s
  3300K .......... .......... .......... .......... ..........  5%  105M 6s
  3350K .......... .......... .......... .......... ..........  5% 94.6M 6s
  3400K .......... .......... .......... .......... ..........  5%  147M 6s
  3450K .......... .......... .......... .......... ..........  5%  102M 5s
  3500K .......... .......... .......... .......... ..........  5%  119M 5s
  3550K .......... .......... .......... .......... ..........  5%  103M 5s
  3600K .......... .......... .......... .......... ..........  5% 1.71M 6s
  3650K .......... .......... .......... .......... ..........  5%  111M 6s
  3700K .......... .......... .......... .......... ..........  5% 64.5M 6s
  3750K .......... .......... .......... .......... ..........  5% 74.7M 5s
  3800K .......... .......... .......... .......... ..........  5%  129M 5s
  3850K .......... .......... .......... .......... ..........  5% 84.4M 5s
  3900K .......... .......... .......... .......... ..........  6%  135M 5s
  3950K .......... .......... .......... .......... ..........  6%  116M 5s
  4000K .......... .......... .......... .......... ..........  6%  128M 5s
  4050K .......... .......... .......... .......... ..........  6% 68.7M 5s
  4100K .......... .......... .......... .......... ..........  6%  127M 5s
  4150K .......... .......... .......... .......... ..........  6%  116M 5s
  4200K .......... .......... .......... .......... ..........  6%  150M 5s
  4250K .......... .......... .......... .......... ..........  6% 73.5M 5s
  4300K .......... .......... .......... .......... ..........  6% 86.5M 5s
  4350K .......... .......... .......... .......... ..........  6%  136M 5s
  4400K .......... .......... .......... .......... ..........  6%  117M 5s
  4450K .......... .......... .......... .......... ..........  6%  111M 5s
  4500K .......... .......... .......... .......... ..........  6%  132M 5s
  4550K .......... .......... .......... .......... ..........  7% 92.4M 5s
  4600K .......... .......... .......... .......... ..........  7%  116M 5s
  4650K .......... .......... .......... .......... ..........  7%  136M 4s
  4700K .......... .......... .......... .......... ..........  7%  222M 4s
  4750K .......... .......... .......... .......... ..........  7% 1.74M 5s
  4800K .......... .......... .......... .......... ..........  7%  115M 5s
  4850K .......... .......... .......... .......... ..........  7% 88.2M 5s
  4900K .......... .......... .......... .......... ..........  7% 91.1M 5s
  4950K .......... .......... .......... .......... ..........  7%  126M 5s
  5000K .......... .......... .......... .......... ..........  7% 78.5M 5s
  5050K .......... .......... .......... .......... ..........  7%  147M 4s
  5100K .......... .......... .......... .......... ..........  7%  107M 4s
  5150K .......... .......... .......... .......... ..........  7%  124M 4s
  5200K .......... .......... .......... .......... ..........  8% 68.1M 4s
  5250K .......... .......... .......... .......... ..........  8%  153M 4s
  5300K .......... .......... .......... .......... ..........  8% 85.0M 4s
  5350K .......... .......... .......... .......... ..........  8%  116M 4s
  5400K .......... .......... .......... .......... ..........  8%  131M 4s
  5450K .......... .......... .......... .......... ..........  8% 83.7M 4s
  5500K .......... .......... .......... .......... ..........  8% 96.4M 4s
  5550K .......... .......... .......... .......... ..........  8%  124M 4s
  5600K .......... .......... .......... .......... ..........  8%  119M 4s
  5650K .......... .......... .......... .......... ..........  8% 96.3M 4s
  5700K .......... .......... .......... .......... ..........  8% 90.0M 4s
  5750K .......... .......... .......... .......... ..........  8%  108M 4s
  5800K .......... .......... .......... .......... ..........  8%  121M 4s
  5850K .......... .......... .......... .......... ..........  9%  221M 4s
  5900K .......... .......... .......... .......... ..........  9% 1.80M 4s
  5950K .......... .......... .......... .......... ..........  9% 73.0M 4s
  6000K .......... .......... .......... .......... ..........  9%  114M 4s
  6050K .......... .......... .......... .......... ..........  9%  131M 4s
  6100K .......... .......... .......... .......... ..........  9%  104M 4s
  6150K .......... .......... .......... .......... ..........  9% 75.4M 4s
  6200K .......... .......... .......... .......... ..........  9%  112M 4s
  6250K .......... .......... .......... .......... ..........  9%  110M 4s
  6300K .......... .......... .......... .......... ..........  9%  133M 4s
  6350K .......... .......... .......... .......... ..........  9%  131M 4s
  6400K .......... .......... .......... .......... ..........  9% 85.5M 4s
  6450K .......... .......... .......... .......... ..........  9% 92.9M 4s
  6500K .......... .......... .......... .......... .......... 10%  129M 4s
  6550K .......... .......... .......... .......... .......... 10%  110M 4s
  6600K .......... .......... .......... .......... .......... 10%  123M 4s
  6650K .......... .......... .......... .......... .......... 10% 90.4M 4s
  6700K .......... .......... .......... .......... .......... 10% 85.7M 4s
  6750K .......... .......... .......... .......... .......... 10%  129M 4s
  6800K .......... .......... .......... .......... .......... 10%  133M 4s
  6850K .......... .......... .......... .......... .......... 10%  103M 4s
  6900K .......... .......... .......... .......... .......... 10% 95.4M 4s
  6950K .......... .......... .......... .......... .......... 10%  160M 4s
  7000K .......... .......... .......... .......... .......... 10%  104M 3s
  7050K .......... .......... .......... .......... .......... 10%  117M 3s
  7100K .......... .......... .......... .......... .......... 10%  135M 3s
  7150K .......... .......... .......... .......... .......... 11% 1.79M 4s
  7200K .......... .......... .......... .......... .......... 11%  121M 4s
  7250K .......... .......... .......... .......... .......... 11% 99.5M 4s
  7300K .......... .......... .......... .......... .......... 11%  127M 4s
  7350K .......... .......... .......... .......... .......... 11%  113M 4s
  7400K .......... .......... .......... .......... .......... 11% 76.7M 4s
  7450K .......... .......... .......... .......... .......... 11%  110M 3s
  7500K .......... .......... .......... .......... .......... 11%  114M 3s
  7550K .......... .......... .......... .......... .......... 11%  124M 3s
  7600K .......... .......... .......... .......... .......... 11% 73.2M 3s
  7650K .......... .......... .......... .......... .......... 11%  118M 3s
  7700K .......... .......... .......... .......... .......... 11% 86.3M 3s
  7750K .......... .......... .......... .......... .......... 11%  134M 3s
  7800K .......... .......... .......... .......... .......... 12%  117M 3s
  7850K .......... .......... .......... .......... .......... 12% 87.7M 3s
  7900K .......... .......... .......... .......... .......... 12%  100M 3s
  7950K .......... .......... .......... .......... .......... 12%  118M 3s
  8000K .......... .......... .......... .......... .......... 12%  116M 3s
  8050K .......... .......... .......... .......... .......... 12%  129M 3s
  8100K .......... .......... .......... .......... .......... 12% 61.3M 3s
  8150K .......... .......... .......... .......... .......... 12%  139M 3s
  8200K .......... .......... .......... .......... .......... 12%  133M 3s
  8250K .......... .......... .......... .......... .......... 12%  127M 3s
  8300K .......... .......... .......... .......... .......... 12% 77.6M 3s
  8350K .......... .......... .......... .......... .......... 12%  228M 3s
  8400K .......... .......... .......... .......... .......... 12%  227M 3s
  8450K .......... .......... .......... .......... .......... 13% 1.86M 3s
  8500K .......... .......... .......... .......... .......... 13% 77.8M 3s
  8550K .......... .......... .......... .......... .......... 13% 62.0M 3s
  8600K .......... .......... .......... .......... .......... 13%  106M 3s
  8650K .......... .......... .......... .......... .......... 13%  113M 3s
  8700K .......... .......... .......... .......... .......... 13%  108M 3s
  8750K .......... .......... .......... .......... .......... 13% 84.4M 3s
  8800K .......... .......... .......... .......... .......... 13%  122M 3s
  8850K .......... .......... .......... .......... .......... 13%  121M 3s
  8900K .......... .......... .......... .......... .......... 13%  105M 3s
  8950K .......... .......... .......... .......... .......... 13%  116M 3s
  9000K .......... .......... .......... .......... .......... 13% 83.8M 3s
  9050K .......... .......... .......... .......... .......... 13%  102M 3s
  9100K .......... .......... .......... .......... .......... 14%  110M 3s
  9150K .......... .......... .......... .......... .......... 14%  137M 3s
  9200K .......... .......... .......... .......... .......... 14% 93.9M 3s
  9250K .......... .......... .......... .......... .......... 14% 98.0M 3s
  9300K .......... .......... .......... .......... .......... 14% 98.9M 3s
  9350K .......... .......... .......... .......... .......... 14%  127M 3s
  9400K .......... .......... .......... .......... .......... 14%  112M 3s
  9450K .......... .......... .......... .......... .......... 14% 82.0M 3s
  9500K .......... .......... .......... .......... .......... 14%  117M 3s
  9550K .......... .......... .......... .......... .......... 14%  113M 3s
  9600K .......... .......... .......... .......... .......... 14%  124M 3s
  9650K .......... .......... .......... .......... .......... 14% 93.3M 3s
  9700K .......... .......... .......... .......... .......... 14%  128M 3s
  9750K .......... .......... .......... .......... .......... 15%  227M 3s
  9800K .......... .......... .......... .......... .......... 15% 1.90M 3s
  9850K .......... .......... .......... .......... .......... 15%  119M 3s
  9900K .......... .......... .......... .......... .......... 15% 88.9M 3s
  9950K .......... .......... .......... .......... .......... 15%  128M 3s
 10000K .......... .......... .......... .......... .......... 15%  107M 3s
 10050K .......... .......... .......... .......... .......... 15%  109M 3s
 10100K .......... .......... .......... .......... .......... 15%  108M 3s
 10150K .......... .......... .......... .......... .......... 15% 84.4M 3s
 10200K .......... .......... .......... .......... .......... 15%  141M 3s
 10250K .......... .......... .......... .......... .......... 15%  137M 3s
 10300K .......... .......... .......... .......... .......... 15%  128M 3s
 10350K .......... .......... .......... .......... .......... 15%  102M 3s
 10400K .......... .......... .......... .......... .......... 16% 71.5M 3s
 10450K .......... .......... .......... .......... .......... 16%  147M 3s
 10500K .......... .......... .......... .......... .......... 16%  125M 3s
 10550K .......... .......... .......... .......... .......... 16%  126M 3s
 10600K .......... .......... .......... .......... .......... 16% 87.7M 3s
 10650K .......... .......... .......... .......... .......... 16%  143M 3s
 10700K .......... .......... .......... .......... .......... 16%  114M 3s
 10750K .......... .......... .......... .......... .......... 16%  104M 3s
 10800K .......... .......... .......... .......... .......... 16%  119M 3s
 10850K .......... .......... .......... .......... .......... 16% 95.0M 3s
 10900K .......... .......... .......... .......... .......... 16%  102M 3s
 10950K .......... .......... .......... .......... .......... 16%  147M 3s
 11000K .......... .......... .......... .......... .......... 16%  151M 3s
 11050K .......... .......... .......... .......... .......... 17%  118M 3s
 11100K .......... .......... .......... .......... .......... 17% 75.1M 3s
 11150K .......... .......... .......... .......... .......... 17%  128M 3s
 11200K .......... .......... .......... .......... .......... 17% 2.13M 3s
 11250K .......... .......... .......... .......... .......... 17% 17.0M 3s
 11300K .......... .......... .......... .......... .......... 17%  110M 3s
 11350K .......... .......... .......... .......... .......... 17% 78.9M 3s
 11400K .......... .......... .......... .......... .......... 17%  126M 3s
 11450K .......... .......... .......... .......... .......... 17% 87.9M 3s
 11500K .......... .......... .......... .......... .......... 17%  109M 3s
 11550K .......... .......... .......... .......... .......... 17%  168M 3s
 11600K .......... .......... .......... .......... .......... 17% 79.2M 3s
 11650K .......... .......... .......... .......... .......... 17%  125M 3s
 11700K .......... .......... .......... .......... .......... 18%  122M 3s
 11750K .......... .......... .......... .......... .......... 18%  137M 3s
 11800K .......... .......... .......... .......... .......... 18%  115M 3s
 11850K .......... .......... .......... .......... .......... 18%  107M 3s
 11900K .......... .......... .......... .......... .......... 18%  104M 3s
 11950K .......... .......... .......... .......... .......... 18%  140M 3s
 12000K .......... .......... .......... .......... .......... 18%  103M 3s
 12050K .......... .......... .......... .......... .......... 18% 97.3M 3s
 12100K .......... .......... .......... .......... .......... 18%  115M 2s
 12150K .......... .......... .......... .......... .......... 18%  115M 2s
 12200K .......... .......... .......... .......... .......... 18%  110M 2s
 12250K .......... .......... .......... .......... .......... 18%  107M 2s
 12300K .......... .......... .......... .......... .......... 18%  150M 2s
 12350K .......... .......... .......... .......... .......... 19% 95.2M 2s
 12400K .......... .......... .......... .......... .......... 19%  128M 2s
 12450K .......... .......... .......... .......... .......... 19% 90.7M 2s
 12500K .......... .......... .......... .......... .......... 19%  125M 2s
 12550K .......... .......... .......... .......... .......... 19%  131M 2s
 12600K .......... .......... .......... .......... .......... 19% 73.3M 2s
 12650K .......... .......... .......... .......... .......... 19%  194M 2s
 12700K .......... .......... .......... .......... .......... 19% 2.19M 2s
 12750K .......... .......... .......... .......... .......... 19% 17.1M 2s
 12800K .......... .......... .......... .......... .......... 19% 49.1M 2s
 12850K .......... .......... .......... .......... .......... 19%  123M 2s
 12900K .......... .......... .......... .......... .......... 19%  108M 2s
 12950K .......... .......... .......... .......... .......... 19% 93.4M 2s
 13000K .......... .......... .......... .......... .......... 20%  156M 2s
 13050K .......... .......... .......... .......... .......... 20% 89.3M 2s
 13100K .......... .......... .......... .......... .......... 20%  197M 2s
 13150K .......... .......... .......... .......... .......... 20% 83.1M 2s
 13200K .......... .......... .......... .......... .......... 20%  148M 2s
 13250K .......... .......... .......... .......... .......... 20%  112M 2s
 13300K .......... .......... .......... .......... .......... 20% 92.7M 2s
 13350K .......... .......... .......... .......... .......... 20%  127M 2s
 13400K .......... .......... .......... .......... .......... 20% 87.4M 2s
 13450K .......... .......... .......... .......... .......... 20%  171M 2s
 13500K .......... .......... .......... .......... .......... 20%  113M 2s
 13550K .......... .......... .......... .......... .......... 20% 95.9M 2s
 13600K .......... .......... .......... .......... .......... 20%  120M 2s
 13650K .......... .......... .......... .......... .......... 21%  126M 2s
 13700K .......... .......... .......... .......... .......... 21%  104M 2s
 13750K .......... .......... .......... .......... .......... 21%  103M 2s
 13800K .......... .......... .......... .......... .......... 21%  117M 2s
 13850K .......... .......... .......... .......... .......... 21%  139M 2s
 13900K .......... .......... .......... .......... .......... 21%  107M 2s
 13950K .......... .......... .......... .......... .......... 21%  111M 2s
 14000K .......... .......... .......... .......... .......... 21% 98.0M 2s
 14050K .......... .......... .......... .......... .......... 21%  111M 2s
 14100K .......... .......... .......... .......... .......... 21%  128M 2s
 14150K .......... .......... .......... .......... .......... 21% 98.7M 2s
 14200K .......... .......... .......... .......... .......... 21%  140M 2s
 14250K .......... .......... .......... .......... .......... 21% 98.4M 2s
 14300K .......... .......... .......... .......... .......... 22% 2.03M 2s
 14350K .......... .......... .......... .......... .......... 22%  110M 2s
 14400K .......... .......... .......... .......... .......... 22% 44.9M 2s
 14450K .......... .......... .......... .......... .......... 22% 82.1M 2s
 14500K .......... .......... .......... .......... .......... 22%  156M 2s
 14550K .......... .......... .......... .......... .......... 22%  174M 2s
 14600K .......... .......... .......... .......... .......... 22%  121M 2s
 14650K .......... .......... .......... .......... .......... 22%  104M 2s
 14700K .......... .......... .......... .......... .......... 22%  100M 2s
 14750K .......... .......... .......... .......... .......... 22% 85.3M 2s
 14800K .......... .......... .......... .......... .......... 22%  173M 2s
 14850K .......... .......... .......... .......... .......... 22% 95.4M 2s
 14900K .......... .......... .......... .......... .......... 22%  157M 2s
 14950K .......... .......... .......... .......... .......... 23%  116M 2s
 15000K .......... .......... .......... .......... .......... 23% 85.7M 2s
 15050K .......... .......... .......... .......... .......... 23%  142M 2s
 15100K .......... .......... .......... .......... .......... 23%  116M 2s
 15150K .......... .......... .......... .......... .......... 23%  105M 2s
 15200K .......... .......... .......... .......... .......... 23%  125M 2s
 15250K .......... .......... .......... .......... .......... 23% 92.1M 2s
 15300K .......... .......... .......... .......... .......... 23%  120M 2s
 15350K .......... .......... .......... .......... .......... 23%  158M 2s
 15400K .......... .......... .......... .......... .......... 23% 86.0M 2s
 15450K .......... .......... .......... .......... .......... 23% 91.0M 2s
 15500K .......... .......... .......... .......... .......... 23%  152M 2s
 15550K .......... .......... .......... .......... .......... 23%  110M 2s
 15600K .......... .......... .......... .......... .......... 24%  121M 2s
 15650K .......... .......... .......... .......... .......... 24%  113M 2s
 15700K .......... .......... .......... .......... .......... 24% 82.0M 2s
 15750K .......... .......... .......... .......... .......... 24%  191M 2s
 15800K .......... .......... .......... .......... .......... 24%  106M 2s
 15850K .......... .......... .......... .......... .......... 24%  120M 2s
 15900K .......... .......... .......... .......... .......... 24% 75.2M 2s
 15950K .......... .......... .......... .......... .......... 24% 2.15M 2s
 16000K .......... .......... .......... .......... .......... 24% 93.9M 2s
 16050K .......... .......... .......... .......... .......... 24% 42.2M 2s
 16100K .......... .......... .......... .......... .......... 24% 76.4M 2s
 16150K .......... .......... .......... .......... .......... 24%  124M 2s
 16200K .......... .......... .......... .......... .......... 24%  122M 2s
 16250K .......... .......... .......... .......... .......... 25%  107M 2s
 16300K .......... .......... .......... .......... .......... 25%  113M 2s
 16350K .......... .......... .......... .......... .......... 25%  133M 2s
 16400K .......... .......... .......... .......... .......... 25%  102M 2s
 16450K .......... .......... .......... .......... .......... 25% 99.6M 2s
 16500K .......... .......... .......... .......... .......... 25% 96.5M 2s
 16550K .......... .......... .......... .......... .......... 25%  107M 2s
 16600K .......... .......... .......... .......... .......... 25%  104M 2s
 16650K .......... .......... .......... .......... .......... 25% 95.5M 2s
 16700K .......... .......... .......... .......... .......... 25%  130M 2s
 16750K .......... .......... .......... .......... .......... 25%  108M 2s
 16800K .......... .......... .......... .......... .......... 25%  138M 2s
 16850K .......... .......... .......... .......... .......... 25% 84.7M 2s
 16900K .......... .......... .......... .......... .......... 26%  179M 2s
 16950K .......... .......... .......... .......... .......... 26% 79.8M 2s
 17000K .......... .......... .......... .......... .......... 26%  141M 2s
 17050K .......... .......... .......... .......... .......... 26%  111M 2s
 17100K .......... .......... .......... .......... .......... 26%  110M 2s
 17150K .......... .......... .......... .......... .......... 26%  111M 2s
 17200K .......... .......... .......... .......... .......... 26%  117M 2s
 17250K .......... .......... .......... .......... .......... 26% 94.3M 2s
 17300K .......... .......... .......... .......... .......... 26%  117M 2s
 17350K .......... .......... .......... .......... .......... 26%  109M 2s
 17400K .......... .......... .......... .......... .......... 26%  110M 2s
 17450K .......... .......... .......... .......... .......... 26%  134M 2s
 17500K .......... .......... .......... .......... .......... 26%  105M 2s
 17550K .......... .......... .......... .......... .......... 27%  139M 2s
 17600K .......... .......... .......... .......... .......... 27%  111M 2s
 17650K .......... .......... .......... .......... .......... 27%  103M 2s
 17700K .......... .......... .......... .......... .......... 27% 2.20M 2s
 17750K .......... .......... .......... .......... .......... 27% 42.3M 2s
 17800K .......... .......... .......... .......... .......... 27%  142M 2s
 17850K .......... .......... .......... .......... .......... 27% 91.5M 2s
 17900K .......... .......... .......... .......... .......... 27%  108M 2s
 17950K .......... .......... .......... .......... .......... 27% 87.2M 2s
 18000K .......... .......... .......... .......... .......... 27%  130M 2s
 18050K .......... .......... .......... .......... .......... 27%  119M 2s
 18100K .......... .......... .......... .......... .......... 27% 89.8M 2s
 18150K .......... .......... .......... .......... .......... 27%  151M 2s
 18200K .......... .......... .......... .......... .......... 28%  105M 2s
 18250K .......... .......... .......... .......... .......... 28%  101M 2s
 18300K .......... .......... .......... .......... .......... 28%  120M 2s
 18350K .......... .......... .......... .......... .......... 28%  117M 2s
 18400K .......... .......... .......... .......... .......... 28%  118M 2s
 18450K .......... .......... .......... .......... .......... 28%  112M 2s
 18500K .......... .......... .......... .......... .......... 28%  104M 2s
 18550K .......... .......... .......... .......... .......... 28%  105M 2s
 18600K .......... .......... .......... .......... .......... 28%  129M 2s
 18650K .......... .......... .......... .......... .......... 28%  104M 2s
 18700K .......... .......... .......... .......... .......... 28%  135M 2s
 18750K .......... .......... .......... .......... .......... 28%  108M 2s
 18800K .......... .......... .......... .......... .......... 28%  108M 2s
 18850K .......... .......... .......... .......... .......... 28%  104M 2s
 18900K .......... .......... .......... .......... .......... 29% 99.8M 2s
 18950K .......... .......... .......... .......... .......... 29%  131M 2s
 19000K .......... .......... .......... .......... .......... 29%  106M 2s
 19050K .......... .......... .......... .......... .......... 29%  153M 2s
 19100K .......... .......... .......... .......... .......... 29% 81.3M 2s
 19150K .......... .......... .......... .......... .......... 29%  157M 2s
 19200K .......... .......... .......... .......... .......... 29%  113M 2s
 19250K .......... .......... .......... .......... .......... 29% 92.1M 2s
 19300K .......... .......... .......... .......... .......... 29%  145M 2s
 19350K .......... .......... .......... .......... .......... 29%  106M 2s
 19400K .......... .......... .......... .......... .......... 29%  108M 2s
 19450K .......... .......... .......... .......... .......... 29%  113M 2s
 19500K .......... .......... .......... .......... .......... 29% 2.71M 2s
 19550K .......... .......... .......... .......... .......... 30% 10.5M 2s
 19600K .......... .......... .......... .......... .......... 30% 81.6M 2s
 19650K .......... .......... .......... .......... .......... 30%  195M 2s
 19700K .......... .......... .......... .......... .......... 30% 78.9M 2s
 19750K .......... .......... .......... .......... .......... 30% 70.8M 2s
 19800K .......... .......... .......... .......... .......... 30% 92.2M 2s
 19850K .......... .......... .......... .......... .......... 30%  109M 2s
 19900K .......... .......... .......... .......... .......... 30%  157M 2s
 19950K .......... .......... .......... .......... .......... 30%  100M 2s
 20000K .......... .......... .......... .......... .......... 30% 99.4M 2s
 20050K .......... .......... .......... .......... .......... 30%  127M 2s
 20100K .......... .......... .......... .......... .......... 30%  142M 2s
 20150K .......... .......... .......... .......... .......... 30%  113M 2s
 20200K .......... .......... .......... .......... .......... 31%  112M 2s
 20250K .......... .......... .......... .......... .......... 31% 87.2M 2s
 20300K .......... .......... .......... .......... .......... 31%  132M 2s
 20350K .......... .......... .......... .......... .......... 31%  103M 2s
 20400K .......... .......... .......... .......... .......... 31%  108M 2s
 20450K .......... .......... .......... .......... .......... 31%  141M 2s
 20500K .......... .......... .......... .......... .......... 31%  104M 2s
 20550K .......... .......... .......... .......... .......... 31%  114M 2s
 20600K .......... .......... .......... .......... .......... 31%  136M 2s
 20650K .......... .......... .......... .......... .......... 31% 96.4M 2s
 20700K .......... .......... .......... .......... .......... 31% 78.7M 2s
 20750K .......... .......... .......... .......... .......... 31%  189M 2s
 20800K .......... .......... .......... .......... .......... 31% 93.1M 2s
 20850K .......... .......... .......... .......... .......... 32%  141M 2s
 20900K .......... .......... .......... .......... .......... 32%  107M 2s
 20950K .......... .......... .......... .......... .......... 32% 98.8M 2s
 21000K .......... .......... .......... .......... .......... 32%  131M 2s
 21050K .......... .......... .......... .......... .......... 32%  119M 2s
 21100K .......... .......... .......... .......... .......... 32% 98.4M 2s
 21150K .......... .......... .......... .......... .......... 32%  134M 2s
 21200K .......... .......... .......... .......... .......... 32%  101M 2s
 21250K .......... .......... .......... .......... .......... 32%  104M 2s
 21300K .......... .......... .......... .......... .......... 32%  163M 2s
 21350K .......... .......... .......... .......... .......... 32% 94.4M 2s
 21400K .......... .......... .......... .......... .......... 32% 2.91M 2s
 21450K .......... .......... .......... .......... .......... 32% 10.2M 2s
 21500K .......... .......... .......... .......... .......... 33%  187M 2s
 21550K .......... .......... .......... .......... .......... 33% 64.6M 2s
 21600K .......... .......... .......... .......... .......... 33%  164M 2s
 21650K .......... .......... .......... .......... .......... 33% 60.8M 2s
 21700K .......... .......... .......... .......... .......... 33%  189M 2s
 21750K .......... .......... .......... .......... .......... 33% 86.8M 2s
 21800K .......... .......... .......... .......... .......... 33%  121M 2s
 21850K .......... .......... .......... .......... .......... 33% 88.4M 2s
 21900K .......... .......... .......... .......... .......... 33%  110M 2s
 21950K .......... .......... .......... .......... .......... 33%  115M 2s
 22000K .......... .......... .......... .......... .......... 33%  130M 2s
 22050K .......... .......... .......... .......... .......... 33%  116M 2s
 22100K .......... .......... .......... .......... .......... 33% 89.9M 2s
 22150K .......... .......... .......... .......... .......... 34%  164M 2s
 22200K .......... .......... .......... .......... .......... 34%  111M 2s
 22250K .......... .......... .......... .......... .......... 34%  107M 2s
 22300K .......... .......... .......... .......... .......... 34%  109M 2s
 22350K .......... .......... .......... .......... .......... 34%  113M 2s
 22400K .......... .......... .......... .......... .......... 34%  117M 2s
 22450K .......... .......... .......... .......... .......... 34%  119M 2s
 22500K .......... .......... .......... .......... .......... 34% 97.1M 2s
 22550K .......... .......... .......... .......... .......... 34%  124M 2s
 22600K .......... .......... .......... .......... .......... 34%  106M 2s
 22650K .......... .......... .......... .......... .......... 34%  102M 2s
 22700K .......... .......... .......... .......... .......... 34%  126M 1s
 22750K .......... .......... .......... .......... .......... 34%  122M 1s
 22800K .......... .......... .......... .......... .......... 35%  117M 1s
 22850K .......... .......... .......... .......... .......... 35% 98.6M 1s
 22900K .......... .......... .......... .......... .......... 35% 97.6M 1s
 22950K .......... .......... .......... .......... .......... 35%  128M 1s
 23000K .......... .......... .......... .......... .......... 35%  119M 1s
 23050K .......... .......... .......... .......... .......... 35% 99.5M 1s
 23100K .......... .......... .......... .......... .......... 35%  105M 1s
 23150K .......... .......... .......... .......... .......... 35%  125M 1s
 23200K .......... .......... .......... .......... .......... 35%  107M 1s
 23250K .......... .......... .......... .......... .......... 35%  113M 1s
 23300K .......... .......... .......... .......... .......... 35%  106M 1s
 23350K .......... .......... .......... .......... .......... 35% 3.07M 1s
 23400K .......... .......... .......... .......... .......... 35%  121M 1s
 23450K .......... .......... .......... .......... .......... 36% 10.5M 1s
 23500K .......... .......... .......... .......... .......... 36% 60.1M 1s
 23550K .......... .......... .......... .......... .......... 36% 94.2M 1s
 23600K .......... .......... .......... .......... .......... 36%  180M 1s
 23650K .......... .......... .......... .......... .......... 36% 58.0M 1s
 23700K .......... .......... .......... .......... .......... 36%  104M 1s
 23750K .......... .......... .......... .......... .......... 36%  143M 1s
 23800K .......... .......... .......... .......... .......... 36% 82.3M 1s
 23850K .......... .......... .......... .......... .......... 36%  126M 1s
 23900K .......... .......... .......... .......... .......... 36%  135M 1s
 23950K .......... .......... .......... .......... .......... 36% 96.8M 1s
 24000K .......... .......... .......... .......... .......... 36%  111M 1s
 24050K .......... .......... .......... .......... .......... 36%  127M 1s
 24100K .......... .......... .......... .......... .......... 37%  123M 1s
 24150K .......... .......... .......... .......... .......... 37%  108M 1s
 24200K .......... .......... .......... .......... .......... 37% 95.0M 1s
 24250K .......... .......... .......... .......... .......... 37% 91.1M 1s
 24300K .......... .......... .......... .......... .......... 37%  133M 1s
 24350K .......... .......... .......... .......... .......... 37%  125M 1s
 24400K .......... .......... .......... .......... .......... 37%  104M 1s
 24450K .......... .......... .......... .......... .......... 37%  116M 1s
 24500K .......... .......... .......... .......... .......... 37% 99.1M 1s
 24550K .......... .......... .......... .......... .......... 37%  122M 1s
 24600K .......... .......... .......... .......... .......... 37%  120M 1s
 24650K .......... .......... .......... .......... .......... 37%  101M 1s
 24700K .......... .......... .......... .......... .......... 37%  132M 1s
 24750K .......... .......... .......... .......... .......... 38%  117M 1s
 24800K .......... .......... .......... .......... .......... 38%  116M 1s
 24850K .......... .......... .......... .......... .......... 38%  103M 1s
 24900K .......... .......... .......... .......... .......... 38%  117M 1s
 24950K .......... .......... .......... .......... .......... 38%  112M 1s
 25000K .......... .......... .......... .......... .......... 38%  108M 1s
 25050K .......... .......... .......... .......... .......... 38%  122M 1s
 25100K .......... .......... .......... .......... .......... 38%  127M 1s
 25150K .......... .......... .......... .......... .......... 38%  107M 1s
 25200K .......... .......... .......... .......... .......... 38% 91.5M 1s
 25250K .......... .......... .......... .......... .......... 38%  127M 1s
 25300K .......... .......... .......... .......... .......... 38%  113M 1s
 25350K .......... .......... .......... .......... .......... 38%  116M 1s
 25400K .......... .......... .......... .......... .......... 39% 3.14M 1s
 25450K .......... .......... .......... .......... .......... 39% 14.3M 1s
 25500K .......... .......... .......... .......... .......... 39% 38.3M 1s
 25550K .......... .......... .......... .......... .......... 39% 53.4M 1s
 25600K .......... .......... .......... .......... .......... 39% 88.0M 1s
 25650K .......... .......... .......... .......... .......... 39% 58.6M 1s
 25700K .......... .......... .......... .......... .......... 39%  113M 1s
 25750K .......... .......... .......... .......... .......... 39%  147M 1s
 25800K .......... .......... .......... .......... .......... 39%  129M 1s
 25850K .......... .......... .......... .......... .......... 39%  103M 1s
 25900K .......... .......... .......... .......... .......... 39% 92.6M 1s
 25950K .......... .......... .......... .......... .......... 39%  141M 1s
 26000K .......... .......... .......... .......... .......... 39%  110M 1s
 26050K .......... .......... .......... .......... .......... 40% 86.8M 1s
 26100K .......... .......... .......... .......... .......... 40% 92.6M 1s
 26150K .......... .......... .......... .......... .......... 40%  196M 1s
 26200K .......... .......... .......... .......... .......... 40%  125M 1s
 26250K .......... .......... .......... .......... .......... 40%  105M 1s
 26300K .......... .......... .......... .......... .......... 40%  113M 1s
 26350K .......... .......... .......... .......... .......... 40%  111M 1s
 26400K .......... .......... .......... .......... .......... 40%  113M 1s
 26450K .......... .......... .......... .......... .......... 40% 90.6M 1s
 26500K .......... .......... .......... .......... .......... 40%  160M 1s
 26550K .......... .......... .......... .......... .......... 40% 99.3M 1s
 26600K .......... .......... .......... .......... .......... 40%  111M 1s
 26650K .......... .......... .......... .......... .......... 40%  102M 1s
 26700K .......... .......... .......... .......... .......... 41%  129M 1s
 26750K .......... .......... .......... .......... .......... 41%  113M 1s
 26800K .......... .......... .......... .......... .......... 41%  100M 1s
 26850K .......... .......... .......... .......... .......... 41%  130M 1s
 26900K .......... .......... .......... .......... .......... 41%  111M 1s
 26950K .......... .......... .......... .......... .......... 41%  110M 1s
 27000K .......... .......... .......... .......... .......... 41%  108M 1s
 27050K .......... .......... .......... .......... .......... 41%  102M 1s
 27100K .......... .......... .......... .......... .......... 41%  109M 1s
 27150K .......... .......... .......... .......... .......... 41%  162M 1s
 27200K .......... .......... .......... .......... .......... 41% 95.3M 1s
 27250K .......... .......... .......... .......... .......... 41% 88.5M 1s
 27300K .......... .......... .......... .......... .......... 41%  142M 1s
 27350K .......... .......... .......... .......... .......... 42%  132M 1s
 27400K .......... .......... .......... .......... .......... 42% 92.4M 1s
 27450K .......... .......... .......... .......... .......... 42%  108M 1s
 27500K .......... .......... .......... .......... .......... 42% 3.36M 1s
 27550K .......... .......... .......... .......... .......... 42% 13.1M 1s
 27600K .......... .......... .......... .......... .......... 42%  164M 1s
 27650K .......... .......... .......... .......... .......... 42% 39.7M 1s
 27700K .......... .......... .......... .......... .......... 42% 76.9M 1s
 27750K .......... .......... .......... .......... .......... 42% 45.5M 1s
 27800K .......... .......... .......... .......... .......... 42%  170M 1s
 27850K .......... .......... .......... .......... .......... 42% 78.9M 1s
 27900K .......... .......... .......... .......... .......... 42% 93.8M 1s
 27950K .......... .......... .......... .......... .......... 42% 88.4M 1s
 28000K .......... .......... .......... .......... .......... 43%  175M 1s
 28050K .......... .......... .......... .......... .......... 43% 96.3M 1s
 28100K .......... .......... .......... .......... .......... 43%  118M 1s
 28150K .......... .......... .......... .......... .......... 43%  116M 1s
 28200K .......... .......... .......... .......... .......... 43%  112M 1s
 28250K .......... .......... .......... .......... .......... 43%  108M 1s
 28300K .......... .......... .......... .......... .......... 43%  123M 1s
 28350K .......... .......... .......... .......... .......... 43% 93.3M 1s
 28400K .......... .......... .......... .......... .......... 43%  126M 1s
 28450K .......... .......... .......... .......... .......... 43%  114M 1s
 28500K .......... .......... .......... .......... .......... 43%  117M 1s
 28550K .......... .......... .......... .......... .......... 43%  104M 1s
 28600K .......... .......... .......... .......... .......... 43%  149M 1s
 28650K .......... .......... .......... .......... .......... 44% 77.7M 1s
 28700K .......... .......... .......... .......... .......... 44%  178M 1s
 28750K .......... .......... .......... .......... .......... 44%  113M 1s
 28800K .......... .......... .......... .......... .......... 44%  111M 1s
 28850K .......... .......... .......... .......... .......... 44% 81.1M 1s
 28900K .......... .......... .......... .......... .......... 44% 69.2M 1s
 28950K .......... .......... .......... .......... .......... 44%  123M 1s
 29000K .......... .......... .......... .......... .......... 44%  101M 1s
 29050K .......... .......... .......... .......... .......... 44%  108M 1s
 29100K .......... .......... .......... .......... .......... 44% 85.9M 1s
 29150K .......... .......... .......... .......... .......... 44%  107M 1s
 29200K .......... .......... .......... .......... .......... 44%  123M 1s
 29250K .......... .......... .......... .......... .......... 44%  107M 1s
 29300K .......... .......... .......... .......... .......... 45%  138M 1s
 29350K .......... .......... .......... .......... .......... 45% 66.4M 1s
 29400K .......... .......... .......... .......... .......... 45%  102M 1s
 29450K .......... .......... .......... .......... .......... 45%  118M 1s
 29500K .......... .......... .......... .......... .......... 45%  116M 1s
 29550K .......... .......... .......... .......... .......... 45%  116M 1s
 29600K .......... .......... .......... .......... .......... 45% 79.4M 1s
 29650K .......... .......... .......... .......... .......... 45%  222M 1s
 29700K .......... .......... .......... .......... .......... 45%  229M 1s
 29750K .......... .......... .......... .......... .......... 45% 3.69M 1s
 29800K .......... .......... .......... .......... .......... 45% 13.1M 1s
 29850K .......... .......... .......... .......... .......... 45% 48.5M 1s
 29900K .......... .......... .......... .......... .......... 45%  143M 1s
 29950K .......... .......... .......... .......... .......... 46% 75.0M 1s
 30000K .......... .......... .......... .......... .......... 46% 40.6M 1s
 30050K .......... .......... .......... .......... .......... 46% 85.3M 1s
 30100K .......... .......... .......... .......... .......... 46%  122M 1s
 30150K .......... .......... .......... .......... .......... 46%  103M 1s
 30200K .......... .......... .......... .......... .......... 46%  109M 1s
 30250K .......... .......... .......... .......... .......... 46%  125M 1s
 30300K .......... .......... .......... .......... .......... 46% 78.8M 1s
 30350K .......... .......... .......... .......... .......... 46% 90.8M 1s
 30400K .......... .......... .......... .......... .......... 46%  122M 1s
 30450K .......... .......... .......... .......... .......... 46%  109M 1s
 30500K .......... .......... .......... .......... .......... 46%  101M 1s
 30550K .......... .......... .......... .......... .......... 46% 92.5M 1s
 30600K .......... .......... .......... .......... .......... 47% 82.1M 1s
 30650K .......... .......... .......... .......... .......... 47%  116M 1s
 30700K .......... .......... .......... .......... .......... 47%  113M 1s
 30750K .......... .......... .......... .......... .......... 47% 96.6M 1s
 30800K .......... .......... .......... .......... .......... 47% 79.5M 1s
 30850K .......... .......... .......... .......... .......... 47%  105M 1s
 30900K .......... .......... .......... .......... .......... 47% 96.6M 1s
 30950K .......... .......... .......... .......... .......... 47%  126M 1s
 31000K .......... .......... .......... .......... .......... 47%  130M 1s
 31050K .......... .......... .......... .......... .......... 47% 88.7M 1s
 31100K .......... .......... .......... .......... .......... 47%  125M 1s
 31150K .......... .......... .......... .......... .......... 47% 94.8M 1s
 31200K .......... .......... .......... .......... .......... 47%  125M 1s
 31250K .......... .......... .......... .......... .......... 48%  125M 1s
 31300K .......... .......... .......... .......... .......... 48% 89.8M 1s
 31350K .......... .......... .......... .......... .......... 48% 91.4M 1s
 31400K .......... .......... .......... .......... .......... 48%  114M 1s
 31450K .......... .......... .......... .......... .......... 48%  132M 1s
 31500K .......... .......... .......... .......... .......... 48% 77.4M 1s
 31550K .......... .......... .......... .......... .......... 48%  113M 1s
 31600K .......... .......... .......... .......... .......... 48%  124M 1s
 31650K .......... .......... .......... .......... .......... 48%  129M 1s
 31700K .......... .......... .......... .......... .......... 48%  123M 1s
 31750K .......... .......... .......... .......... .......... 48% 59.6M 1s
 31800K .......... .......... .......... .......... .......... 48%  111M 1s
 31850K .......... .......... .......... .......... .......... 48%  133M 1s
 31900K .......... .......... .......... .......... .......... 49% 28.3M 1s
 31950K .......... .......... .......... .......... .......... 49%  198M 1s
 32000K .......... .......... .......... .......... .......... 49%  223M 1s
 32050K .......... .......... .......... .......... .......... 49%  232M 1s
 32100K .......... .......... .......... .......... .......... 49% 4.63M 1s
 32150K .......... .......... .......... .......... .......... 49% 13.6M 1s
 32200K .......... .......... .......... .......... .......... 49% 37.6M 1s
 32250K .......... .......... .......... .......... .......... 49%  130M 1s
 32300K .......... .......... .......... .......... .......... 49% 70.3M 1s
 32350K .......... .......... .......... .......... .......... 49%  115M 1s
 32400K .......... .......... .......... .......... .......... 49% 43.5M 1s
 32450K .......... .......... .......... .......... .......... 49% 80.0M 1s
 32500K .......... .......... .......... .......... .......... 49%  110M 1s
 32550K .......... .......... .......... .......... .......... 50%  105M 1s
 32600K .......... .......... .......... .......... .......... 50% 90.9M 1s
 32650K .......... .......... .......... .......... .......... 50%  107M 1s
 32700K .......... .......... .......... .......... .......... 50%  117M 1s
 32750K .......... .......... .......... .......... .......... 50%  111M 1s
 32800K .......... .......... .......... .......... .......... 50%  130M 1s
 32850K .......... .......... .......... .......... .......... 50% 83.8M 1s
 32900K .......... .......... .......... .......... .......... 50% 98.0M 1s
 32950K .......... .......... .......... .......... .......... 50%  129M 1s
 33000K .......... .......... .......... .......... .......... 50%  128M 1s
 33050K .......... .......... .......... .......... .......... 50%  143M 1s
 33100K .......... .......... .......... .......... .......... 50% 76.2M 1s
 33150K .......... .......... .......... .......... .......... 50%  119M 1s
 33200K .......... .......... .......... .......... .......... 51%  138M 1s
 33250K .......... .......... .......... .......... .......... 51%  117M 1s
 33300K .......... .......... .......... .......... .......... 51% 64.2M 1s
 33350K .......... .......... .......... .......... .......... 51%  120M 1s
 33400K .......... .......... .......... .......... .......... 51%  126M 1s
 33450K .......... .......... .......... .......... .......... 51%  126M 1s
 33500K .......... .......... .......... .......... .......... 51% 93.9M 1s
 33550K .......... .......... .......... .......... .......... 51% 79.7M 1s
 33600K .......... .......... .......... .......... .......... 51%  130M 1s
 33650K .......... .......... .......... .......... .......... 51%  144M 1s
 33700K .......... .......... .......... .......... .......... 51% 90.2M 1s
 33750K .......... .......... .......... .......... .......... 51% 85.3M 1s
 33800K .......... .......... .......... .......... .......... 51%  128M 1s
 33850K .......... .......... .......... .......... .......... 52%  106M 1s
 33900K .......... .......... .......... .......... .......... 52%  116M 1s
 33950K .......... .......... .......... .......... .......... 52%  123M 1s
 34000K .......... .......... .......... .......... .......... 52% 71.6M 1s
 34050K .......... .......... .......... .......... .......... 52%  112M 1s
 34100K .......... .......... .......... .......... .......... 52%  119M 1s
 34150K .......... .......... .......... .......... .......... 52%  102M 1s
 34200K .......... .......... .......... .......... .......... 52%  167M 1s
 34250K .......... .......... .......... .......... .......... 52% 76.9M 1s
 34300K .......... .......... .......... .......... .......... 52%  120M 1s
 34350K .......... .......... .......... .......... .......... 52%  125M 1s
 34400K .......... .......... .......... .......... .......... 52%  161M 1s
 34450K .......... .......... .......... .......... .......... 52% 79.9M 1s
 34500K .......... .......... .......... .......... .......... 53%  188M 1s
 34550K .......... .......... .......... .......... .......... 53% 4.64M 1s
 34600K .......... .......... .......... .......... .......... 53%  145M 1s
 34650K .......... .......... .......... .......... .......... 53% 13.4M 1s
 34700K .......... .......... .......... .......... .......... 53% 36.1M 1s
 34750K .......... .......... .......... .......... .......... 53% 54.0M 1s
 34800K .......... .......... .......... .......... .......... 53%  137M 1s
 34850K .......... .......... .......... .......... .......... 53% 57.3M 1s
 34900K .......... .......... .......... .......... .......... 53% 63.5M 1s
 34950K .......... .......... .......... .......... .......... 53%  106M 1s
 35000K .......... .......... .......... .......... .......... 53%  111M 1s
 35050K .......... .......... .......... .......... .......... 53%  138M 1s
 35100K .......... .......... .......... .......... .......... 53% 77.9M 1s
 35150K .......... .......... .......... .......... .......... 54% 90.6M 1s
 35200K .......... .......... .......... .......... .......... 54% 89.2M 1s
 35250K .......... .......... .......... .......... .......... 54%  131M 1s
 35300K .......... .......... .......... .......... .......... 54%  132M 1s
 35350K .......... .......... .......... .......... .......... 54% 91.6M 1s
 35400K .......... .......... .......... .......... .......... 54% 70.8M 1s
 35450K .......... .......... .......... .......... .......... 54%  117M 1s
 35500K .......... .......... .......... .......... .......... 54% 95.1M 1s
 35550K .......... .......... .......... .......... .......... 54%  126M 1s
 35600K .......... .......... .......... .......... .......... 54%  124M 1s
 35650K .......... .......... .......... .......... .......... 54% 76.5M 1s
 35700K .......... .......... .......... .......... .......... 54%  120M 1s
 35750K .......... .......... .......... .......... .......... 54% 95.7M 1s
 35800K .......... .......... .......... .......... .......... 55%  112M 1s
 35850K .......... .......... .......... .......... .......... 55% 78.6M 1s
 35900K .......... .......... .......... .......... .......... 55%  102M 1s
 35950K .......... .......... .......... .......... .......... 55%  109M 1s
 36000K .......... .......... .......... .......... .......... 55%  116M 1s
 36050K .......... .......... .......... .......... .......... 55%  122M 1s
 36100K .......... .......... .......... .......... .......... 55% 73.5M 1s
 36150K .......... .......... .......... .......... .......... 55% 90.7M 1s
 36200K .......... .......... .......... .......... .......... 55% 92.6M 1s
 36250K .......... .......... .......... .......... .......... 55%  102M 1s
 36300K .......... .......... .......... .......... .......... 55% 78.8M 1s
 36350K .......... .......... .......... .......... .......... 55%  114M 1s
 36400K .......... .......... .......... .......... .......... 55%  147M 1s
 36450K .......... .......... .......... .......... .......... 56%  117M 1s
 36500K .......... .......... .......... .......... .......... 56%  107M 1s
 36550K .......... .......... .......... .......... .......... 56% 89.7M 1s
 36600K .......... .......... .......... .......... .......... 56% 83.4M 1s
 36650K .......... .......... .......... .......... .......... 56%  124M 1s
 36700K .......... .......... .......... .......... .......... 56% 92.9M 1s
 36750K .......... .......... .......... .......... .......... 56%  135M 1s
 36800K .......... .......... .......... .......... .......... 56% 70.8M 1s
 36850K .......... .......... .......... .......... .......... 56%  128M 1s
 36900K .......... .......... .......... .......... .......... 56%  103M 1s
 36950K .......... .......... .......... .......... .......... 56%  146M 1s
 37000K .......... .......... .......... .......... .......... 56%  155M 1s
 37050K .......... .......... .......... .......... .......... 56%  212M 1s
 37100K .......... .......... .......... .......... .......... 57%  171M 1s
 37150K .......... .......... .......... .......... .......... 57%  228M 1s
 37200K .......... .......... .......... .......... .......... 57% 5.58M 1s
 37250K .......... .......... .......... .......... .......... 57% 12.8M 1s
 37300K .......... .......... .......... .......... .......... 57% 36.1M 1s
 37350K .......... .......... .......... .......... .......... 57% 52.2M 1s
 37400K .......... .......... .......... .......... .......... 57%  132M 1s
 37450K .......... .......... .......... .......... .......... 57% 61.4M 1s
 37500K .......... .......... .......... .......... .......... 57% 74.5M 1s
 37550K .......... .......... .......... .......... .......... 57% 84.0M 1s
 37600K .......... .......... .......... .......... .......... 57%  112M 1s
 37650K .......... .......... .......... .......... .......... 57%  126M 1s
 37700K .......... .......... .......... .......... .......... 57% 65.9M 1s
 37750K .......... .......... .......... .......... .......... 57% 98.6M 1s
 37800K .......... .......... .......... .......... .......... 58%  108M 1s
 37850K .......... .......... .......... .......... .......... 58%  100M 1s
 37900K .......... .......... .......... .......... .......... 58% 94.7M 1s
 37950K .......... .......... .......... .......... .......... 58% 79.7M 1s
 38000K .......... .......... .......... .......... .......... 58%  101M 1s
 38050K .......... .......... .......... .......... .......... 58%  133M 1s
 38100K .......... .......... .......... .......... .......... 58% 94.1M 1s
 38150K .......... .......... .......... .......... .......... 58% 83.9M 1s
 38200K .......... .......... .......... .......... .......... 58% 98.3M 1s
 38250K .......... .......... .......... .......... .......... 58%  118M 1s
 38300K .......... .......... .......... .......... .......... 58% 99.9M 1s
 38350K .......... .......... .......... .......... .......... 58% 93.7M 1s
 38400K .......... .......... .......... .......... .......... 58% 76.9M 1s
 38450K .......... .......... .......... .......... .......... 59%  124M 1s
 38500K .......... .......... .......... .......... .......... 59%  112M 1s
 38550K .......... .......... .......... .......... .......... 59%  110M 1s
 38600K .......... .......... .......... .......... .......... 59%  133M 1s
 38650K .......... .......... .......... .......... .......... 59% 77.9M 1s
 38700K .......... .......... .......... .......... .......... 59% 91.5M 1s
 38750K .......... .......... .......... .......... .......... 59%  110M 1s
 38800K .......... .......... .......... .......... .......... 59%  121M 1s
 38850K .......... .......... .......... .......... .......... 59% 80.5M 1s
 38900K .......... .......... .......... .......... .......... 59%  103M 1s
 38950K .......... .......... .......... .......... .......... 59% 99.2M 1s
 39000K .......... .......... .......... .......... .......... 59%  133M 1s
 39050K .......... .......... .......... .......... .......... 59% 93.4M 1s
 39100K .......... .......... .......... .......... .......... 60% 86.7M 1s
 39150K .......... .......... .......... .......... .......... 60%  130M 1s
 39200K .......... .......... .......... .......... .......... 60%  103M 1s
 39250K .......... .......... .......... .......... .......... 60%  101M 1s
 39300K .......... .......... .......... .......... .......... 60%  109M 1s
 39350K .......... .......... .......... .......... .......... 60% 87.1M 1s
 39400K .......... .......... .......... .......... .......... 60%  111M 1s
 39450K .......... .......... .......... .......... .......... 60% 92.4M 1s
 39500K .......... .......... .......... .......... .......... 60%  109M 1s
 39550K .......... .......... .......... .......... .......... 60% 85.2M 1s
 39600K .......... .......... .......... .......... .......... 60%  134M 1s
 39650K .......... .......... .......... .......... .......... 60%  169M 1s
 39700K .......... .......... .......... .......... .......... 60%  193M 1s
 39750K .......... .......... .......... .......... .......... 61%  225M 1s
 39800K .......... .......... .......... .......... .......... 61%  141M 1s
 39850K .......... .......... .......... .......... .......... 61%  229M 1s
 39900K .......... .......... .......... .......... .......... 61% 6.54M 1s
 39950K .......... .......... .......... .......... .......... 61% 12.8M 1s
 40000K .......... .......... .......... .......... .......... 61% 24.9M 1s
 40050K .......... .......... .......... .......... .......... 61% 82.2M 1s
 40100K .......... .......... .......... .......... .......... 61%  119M 1s
 40150K .......... .......... .......... .......... .......... 61% 89.0M 1s
 40200K .......... .......... .......... .......... .......... 61%  125M 1s
 40250K .......... .......... .......... .......... .......... 61% 67.3M 1s
 40300K .......... .......... .......... .......... .......... 61%  125M 1s
 40350K .......... .......... .......... .......... .......... 61%  127M 1s
 40400K .......... .......... .......... .......... .......... 62% 83.0M 1s
 40450K .......... .......... .......... .......... .......... 62% 93.0M 1s
 40500K .......... .......... .......... .......... .......... 62% 59.6M 1s
 40550K .......... .......... .......... .......... .......... 62% 92.7M 1s
 40600K .......... .......... .......... .......... .......... 62%  138M 1s
 40650K .......... .......... .......... .......... .......... 62% 91.8M 1s
 40700K .......... .......... .......... .......... .......... 62%  131M 1s
 40750K .......... .......... .......... .......... .......... 62% 73.0M 1s
 40800K .......... .......... .......... .......... .......... 62%  101M 1s
 40850K .......... .......... .......... .......... .......... 62%  124M 1s
 40900K .......... .......... .......... .......... .......... 62%  104M 1s
 40950K .......... .......... .......... .......... .......... 62% 67.0M 1s
 41000K .......... .......... .......... .......... .......... 62% 89.5M 1s
 41050K .......... .......... .......... .......... .......... 63% 50.5M 1s
 41100K .......... .......... .......... .......... .......... 63% 59.9M 1s
 41150K .......... .......... .......... .......... .......... 63%  101M 1s
 41200K .......... .......... .......... .......... .......... 63% 49.8M 1s
 41250K .......... .......... .......... .......... .......... 63% 74.8M 1s
 41300K .......... .......... .......... .......... .......... 63% 55.9M 1s
 41350K .......... .......... .......... .......... .......... 63% 53.8M 1s
 41400K .......... .......... .......... .......... .......... 63% 40.8M 1s
 41450K .......... .......... .......... .......... .......... 63% 67.4M 1s
 41500K .......... .......... .......... .......... .......... 63% 74.9M 1s
 41550K .......... .......... .......... .......... .......... 63% 90.9M 1s
 41600K .......... .......... .......... .......... .......... 63%  112M 1s
 41650K .......... .......... .......... .......... .......... 63% 68.4M 1s
 41700K .......... .......... .......... .......... .......... 64%  122M 1s
 41750K .......... .......... .......... .......... .......... 64% 88.4M 1s
 41800K .......... .......... .......... .......... .......... 64%  126M 1s
 41850K .......... .......... .......... .......... .......... 64%  118M 1s
 41900K .......... .......... .......... .......... .......... 64% 76.4M 1s
 41950K .......... .......... .......... .......... .......... 64% 98.0M 1s
 42000K .......... .......... .......... .......... .......... 64%  119M 1s
 42050K .......... .......... .......... .......... .......... 64%  104M 1s
 42100K .......... .......... .......... .......... .......... 64% 87.9M 1s
 42150K .......... .......... .......... .......... .......... 64%  196M 1s
 42200K .......... .......... .......... .......... .......... 64%  231M 1s
 42250K .......... .......... .......... .......... .......... 64%  200M 1s
 42300K .......... .......... .......... .......... .......... 64%  221M 1s
 42350K .......... .......... .......... .......... .......... 65%  132M 1s
 42400K .......... .......... .......... .......... .......... 65%  230M 1s
 42450K .......... .......... .......... .......... .......... 65%  200M 1s
 42500K .......... .......... .......... .......... .......... 65%  225M 1s
 42550K .......... .......... .......... .......... .......... 65%  194M 1s
 42600K .......... .......... .......... .......... .......... 65%  160M 1s
 42650K .......... .......... .......... .......... .......... 65%  202M 1s
 42700K .......... .......... .......... .......... .......... 65%  225M 1s
 42750K .......... .......... .......... .......... .......... 65% 12.4M 1s
 42800K .......... .......... .......... .......... .......... 65% 12.6M 1s
 42850K .......... .......... .......... .......... .......... 65% 14.2M 1s
 42900K .......... .......... .......... .......... .......... 65%  120M 1s
 42950K .......... .......... .......... .......... .......... 65% 86.9M 1s
 43000K .......... .......... .......... .......... .......... 66%  117M 1s
 43050K .......... .......... .......... .......... .......... 66% 76.8M 1s
 43100K .......... .......... .......... .......... .......... 66% 94.1M 1s
 43150K .......... .......... .......... .......... .......... 66%  106M 1s
 43200K .......... .......... .......... .......... .......... 66%  112M 1s
 43250K .......... .......... .......... .......... .......... 66% 82.0M 1s
 43300K .......... .......... .......... .......... .......... 66%  101M 1s
 43350K .......... .......... .......... .......... .......... 66% 92.9M 1s
 43400K .......... .......... .......... .......... .......... 66% 98.4M 1s
 43450K .......... .......... .......... .......... .......... 66%  144M 1s
 43500K .......... .......... .......... .......... .......... 66% 83.5M 1s
 43550K .......... .......... .......... .......... .......... 66% 98.7M 1s
 43600K .......... .......... .......... .......... .......... 66%  105M 1s
 43650K .......... .......... .......... .......... .......... 67%  126M 1s
 43700K .......... .......... .......... .......... .......... 67%  107M 1s
 43750K .......... .......... .......... .......... .......... 67% 67.0M 1s
 43800K .......... .......... .......... .......... .......... 67% 95.9M 1s
 43850K .......... .......... .......... .......... .......... 67%  119M 1s
 43900K .......... .......... .......... .......... .......... 67%  137M 1s
 43950K .......... .......... .......... .......... .......... 67% 60.5M 1s
 44000K .......... .......... .......... .......... .......... 67%  102M 1s
 44050K .......... .......... .......... .......... .......... 67%  118M 1s
 44100K .......... .......... .......... .......... .......... 67%  117M 1s
 44150K .......... .......... .......... .......... .......... 67% 85.9M 1s
 44200K .......... .......... .......... .......... .......... 67%  125M 1s
 44250K .......... .......... .......... .......... .......... 67%  192M 1s
 44300K .......... .......... .......... .......... .......... 68%  134M 1s
 44350K .......... .......... .......... .......... .......... 68%  131M 1s
 44400K .......... .......... .......... .......... .......... 68%  119M 1s
 44450K .......... .......... .......... .......... .......... 68%  116M 1s
 44500K .......... .......... .......... .......... .......... 68%  227M 1s
 44550K .......... .......... .......... .......... .......... 68% 88.8M 1s
 44600K .......... .......... .......... .......... .......... 68% 43.8M 1s
 44650K .......... .......... .......... .......... .......... 68% 70.5M 1s
 44700K .......... .......... .......... .......... .......... 68%  160M 1s
 44750K .......... .......... .......... .......... .......... 68% 85.0M 1s
 44800K .......... .......... .......... .......... .......... 68%  122M 1s
 44850K .......... .......... .......... .......... .......... 68%  106M 1s
 44900K .......... .......... .......... .......... .......... 68% 75.0M 1s
 44950K .......... .......... .......... .......... .......... 69%  122M 1s
 45000K .......... .......... .......... .......... .......... 69%  129M 1s
 45050K .......... .......... .......... .......... .......... 69% 96.6M 1s
 45100K .......... .......... .......... .......... .......... 69% 58.9M 1s
 45150K .......... .......... .......... .......... .......... 69%  120M 1s
 45200K .......... .......... .......... .......... .......... 69%  130M 1s
 45250K .......... .......... .......... .......... .......... 69%  127M 1s
 45300K .......... .......... .......... .......... .......... 69% 7.09M 1s
 45350K .......... .......... .......... .......... .......... 69% 76.6M 1s
 45400K .......... .......... .......... .......... .......... 69%  127M 1s
 45450K .......... .......... .......... .......... .......... 69%  126M 1s
 45500K .......... .......... .......... .......... .......... 69% 88.9M 1s
 45550K .......... .......... .......... .......... .......... 69%  100M 0s
 45600K .......... .......... .......... .......... .......... 70% 80.5M 0s
 45650K .......... .......... .......... .......... .......... 70%  102M 0s
 45700K .......... .......... .......... .......... .......... 70%  112M 0s
 45750K .......... .......... .......... .......... .......... 70%  105M 0s
 45800K .......... .......... .......... .......... .......... 70%  154M 0s
 45850K .......... .......... .......... .......... .......... 70% 17.8M 0s
 45900K .......... .......... .......... .......... .......... 70% 16.3M 0s
 45950K .......... .......... .......... .......... .......... 70% 90.7M 0s
 46000K .......... .......... .......... .......... .......... 70% 99.4M 0s
 46050K .......... .......... .......... .......... .......... 70% 86.1M 0s
 46100K .......... .......... .......... .......... .......... 70%  107M 0s
 46150K .......... .......... .......... .......... .......... 70%  104M 0s
 46200K .......... .......... .......... .......... .......... 70%  109M 0s
 46250K .......... .......... .......... .......... .......... 71%  101M 0s
 46300K .......... .......... .......... .......... .......... 71% 82.8M 0s
 46350K .......... .......... .......... .......... .......... 71% 94.3M 0s
 46400K .......... .......... .......... .......... .......... 71% 97.7M 0s
 46450K .......... .......... .......... .......... .......... 71%  124M 0s
 46500K .......... .......... .......... .......... .......... 71% 75.1M 0s
 46550K .......... .......... .......... .......... .......... 71%  108M 0s
 46600K .......... .......... .......... .......... .......... 71%  107M 0s
 46650K .......... .......... .......... .......... .......... 71%  100M 0s
 46700K .......... .......... .......... .......... .......... 71%  116M 0s
 46750K .......... .......... .......... .......... .......... 71% 75.5M 0s
 46800K .......... .......... .......... .......... .......... 71% 91.3M 0s
 46850K .......... .......... .......... .......... .......... 71% 99.3M 0s
 46900K .......... .......... .......... .......... .......... 72%  144M 0s
 46950K .......... .......... .......... .......... .......... 72%  104M 0s
 47000K .......... .......... .......... .......... .......... 72% 78.3M 0s
 47050K .......... .......... .......... .......... .......... 72%  112M 0s
 47100K .......... .......... .......... .......... .......... 72%  119M 0s
 47150K .......... .......... .......... .......... .......... 72%  122M 0s
 47200K .......... .......... .......... .......... .......... 72%  125M 0s
 47250K .......... .......... .......... .......... .......... 72%  230M 0s
 47300K .......... .......... .......... .......... .......... 72%  234M 0s
 47350K .......... .......... .......... .......... .......... 72% 32.0M 0s
 47400K .......... .......... .......... .......... .......... 72%  119M 0s
 47450K .......... .......... .......... .......... .......... 72% 79.9M 0s
 47500K .......... .......... .......... .......... .......... 72% 91.5M 0s
 47550K .......... .......... .......... .......... .......... 73% 96.8M 0s
 47600K .......... .......... .......... .......... .......... 73%  121M 0s
 47650K .......... .......... .......... .......... .......... 73%  134M 0s
 47700K .......... .......... .......... .......... .......... 73% 69.0M 0s
 47750K .......... .......... .......... .......... .......... 73%  127M 0s
 47800K .......... .......... .......... .......... .......... 73% 94.0M 0s
 47850K .......... .......... .......... .......... .......... 73%  115M 0s
 47900K .......... .......... .......... .......... .......... 73% 60.3M 0s
 47950K .......... .......... .......... .......... .......... 73%  108M 0s
 48000K .......... .......... .......... .......... .......... 73%  105M 0s
 48050K .......... .......... .......... .......... .......... 73%  131M 0s
 48100K .......... .......... .......... .......... .......... 73% 97.5M 0s
 48150K .......... .......... .......... .......... .......... 73% 71.8M 0s
 48200K .......... .......... .......... .......... .......... 74%  207M 0s
 48250K .......... .......... .......... .......... .......... 74%  229M 0s
 48300K .......... .......... .......... .......... .......... 74%  196M 0s
 48350K .......... .......... .......... .......... .......... 74% 13.6M 0s
 48400K .......... .......... .......... .......... .......... 74% 59.8M 0s
 48450K .......... .......... .......... .......... .......... 74% 84.9M 0s
 48500K .......... .......... .......... .......... .......... 74%  148M 0s
 48550K .......... .......... .......... .......... .......... 74% 81.6M 0s
 48600K .......... .......... .......... .......... .......... 74% 96.2M 0s
 48650K .......... .......... .......... .......... .......... 74% 92.9M 0s
 48700K .......... .......... .......... .......... .......... 74% 81.9M 0s
 48750K .......... .......... .......... .......... .......... 74% 62.9M 0s
 48800K .......... .......... .......... .......... .......... 74%  207M 0s
 48850K .......... .......... .......... .......... .......... 75% 6.30M 0s
 48900K .......... .......... .......... .......... .......... 75% 99.0M 0s
 48950K .......... .......... .......... .......... .......... 75%  111M 0s
 49000K .......... .......... .......... .......... .......... 75%  117M 0s
 49050K .......... .......... .......... .......... .......... 75% 79.1M 0s
 49100K .......... .......... .......... .......... .......... 75% 98.8M 0s
 49150K .......... .......... .......... .......... .......... 75%  108M 0s
 49200K .......... .......... .......... .......... .......... 75%  126M 0s
 49250K .......... .......... .......... .......... .......... 75%  110M 0s
 49300K .......... .......... .......... .......... .......... 75% 68.5M 0s
 49350K .......... .......... .......... .......... .......... 75%  124M 0s
 49400K .......... .......... .......... .......... .......... 75%  112M 0s
 49450K .......... .......... .......... .......... .......... 75%  129M 0s
 49500K .......... .......... .......... .......... .......... 76% 65.1M 0s
 49550K .......... .......... .......... .......... .......... 76%  116M 0s
 49600K .......... .......... .......... .......... .......... 76%  107M 0s
 49650K .......... .......... .......... .......... .......... 76%  101M 0s
 49700K .......... .......... .......... .......... .......... 76% 81.9M 0s
 49750K .......... .......... .......... .......... .......... 76% 68.4M 0s
 49800K .......... .......... .......... .......... .......... 76%  122M 0s
 49850K .......... .......... .......... .......... .......... 76%  115M 0s
 49900K .......... .......... .......... .......... .......... 76%  114M 0s
 49950K .......... .......... .......... .......... .......... 76%  103M 0s
 50000K .......... .......... .......... .......... .......... 76% 87.7M 0s
 50050K .......... .......... .......... .......... .......... 76%  150M 0s
 50100K .......... .......... .......... .......... .......... 76%  136M 0s
 50150K .......... .......... .......... .......... .......... 77%  110M 0s
 50200K .......... .......... .......... .......... .......... 77%  150M 0s
 50250K .......... .......... .......... .......... .......... 77%  230M 0s
 50300K .......... .......... .......... .......... .......... 77% 32.0M 0s
 50350K .......... .......... .......... .......... .......... 77% 20.1M 0s
 50400K .......... .......... .......... .......... .......... 77% 97.4M 0s
 50450K .......... .......... .......... .......... .......... 77% 83.1M 0s
 50500K .......... .......... .......... .......... .......... 77%  104M 0s
 50550K .......... .......... .......... .......... .......... 77%  100M 0s
 50600K .......... .......... .......... .......... .......... 77%  107M 0s
 50650K .......... .......... .......... .......... .......... 77%  132M 0s
 50700K .......... .......... .......... .......... .......... 77% 67.4M 0s
 50750K .......... .......... .......... .......... .......... 77%  102M 0s
 50800K .......... .......... .......... .......... .......... 78%  133M 0s
 50850K .......... .......... .......... .......... .......... 78%  107M 0s
 50900K .......... .......... .......... .......... .......... 78% 74.2M 0s
 50950K .......... .......... .......... .......... .......... 78% 97.9M 0s
 51000K .......... .......... .......... .......... .......... 78%  136M 0s
 51050K .......... .......... .......... .......... .......... 78%  101M 0s
 51100K .......... .......... .......... .......... .......... 78% 95.7M 0s
 51150K .......... .......... .......... .......... .......... 78% 70.8M 0s
 51200K .......... .......... .......... .......... .......... 78%  127M 0s
 51250K .......... .......... .......... .......... .......... 78% 97.2M 0s
 51300K .......... .......... .......... .......... .......... 78%  134M 0s
 51350K .......... .......... .......... .......... .......... 78% 89.5M 0s
 51400K .......... .......... .......... .......... .......... 78% 76.0M 0s
 51450K .......... .......... .......... .......... .......... 79%  107M 0s
 51500K .......... .......... .......... .......... .......... 79%  105M 0s
 51550K .......... .......... .......... .......... .......... 79% 84.3M 0s
 51600K .......... .......... .......... .......... .......... 79%  122M 0s
 51650K .......... .......... .......... .......... .......... 79%  219M 0s
 51700K .......... .......... .......... .......... .......... 79%  196M 0s
 51750K .......... .......... .......... .......... .......... 79%  190M 0s
 51800K .......... .......... .......... .......... .......... 79% 6.76M 0s
 51850K .......... .......... .......... .......... .......... 79% 68.3M 0s
 51900K .......... .......... .......... .......... .......... 79% 97.3M 0s
 51950K .......... .......... .......... .......... .......... 79%  101M 0s
 52000K .......... .......... .......... .......... .......... 79%  214M 0s
 52050K .......... .......... .......... .......... .......... 79% 16.5M 0s
 52100K .......... .......... .......... .......... .......... 80% 79.8M 0s
 52150K .......... .......... .......... .......... .......... 80%  117M 0s
 52200K .......... .......... .......... .......... .......... 80%  120M 0s
 52250K .......... .......... .......... .......... .......... 80%  113M 0s
 52300K .......... .......... .......... .......... .......... 80% 68.7M 0s
 52350K .......... .......... .......... .......... .......... 80% 98.5M 0s
 52400K .......... .......... .......... .......... .......... 80%  114M 0s
 52450K .......... .......... .......... .......... .......... 80%  107M 0s
 52500K .......... .......... .......... .......... .......... 80%  105M 0s
 52550K .......... .......... .......... .......... .......... 80% 94.0M 0s
 52600K .......... .......... .......... .......... .......... 80% 90.9M 0s
 52650K .......... .......... .......... .......... .......... 80%  102M 0s
 52700K .......... .......... .......... .......... .......... 80% 87.6M 0s
 52750K .......... .......... .......... .......... .......... 81% 81.7M 0s
 52800K .......... .......... .......... .......... .......... 81%  124M 0s
 52850K .......... .......... .......... .......... .......... 81% 95.4M 0s
 52900K .......... .......... .......... .......... .......... 81% 91.1M 0s
 52950K .......... .......... .......... .......... .......... 81%  137M 0s
 53000K .......... .......... .......... .......... .......... 81% 76.4M 0s
 53050K .......... .......... .......... .......... .......... 81% 76.0M 0s
 53100K .......... .......... .......... .......... .......... 81%  107M 0s
 53150K .......... .......... .......... .......... .......... 81%  135M 0s
 53200K .......... .......... .......... .......... .......... 81%  217M 0s
 53250K .......... .......... .......... .......... .......... 81%  131M 0s
 53300K .......... .......... .......... .......... .......... 81%  230M 0s
 53350K .......... .......... .......... .......... .......... 81%  130M 0s
 53400K .......... .......... .......... .......... .......... 82%  146M 0s
 53450K .......... .......... .......... .......... .......... 82% 80.7M 0s
 53500K .......... .......... .......... .......... .......... 82% 14.4M 0s
 53550K .......... .......... .......... .......... .......... 82% 62.0M 0s
 53600K .......... .......... .......... .......... .......... 82%  124M 0s
 53650K .......... .......... .......... .......... .......... 82% 79.9M 0s
 53700K .......... .......... .......... .......... .......... 82% 58.0M 0s
 53750K .......... .......... .......... .......... .......... 82%  118M 0s
 53800K .......... .......... .......... .......... .......... 82%  137M 0s
 53850K .......... .......... .......... .......... .......... 82%  105M 0s
 53900K .......... .......... .......... .......... .......... 82% 67.1M 0s
 53950K .......... .......... .......... .......... .......... 82% 98.8M 0s
 54000K .......... .......... .......... .......... .......... 82% 91.9M 0s
 54050K .......... .......... .......... .......... .......... 83%  116M 0s
 54100K .......... .......... .......... .......... .......... 83% 90.4M 0s
 54150K .......... .......... .......... .......... .......... 83% 82.0M 0s
 54200K .......... .......... .......... .......... .......... 83%  101M 0s
 54250K .......... .......... .......... .......... .......... 83%  127M 0s
 54300K .......... .......... .......... .......... .......... 83%  101M 0s
 54350K .......... .......... .......... .......... .......... 83%  101M 0s
 54400K .......... .......... .......... .......... .......... 83%  113M 0s
 54450K .......... .......... .......... .......... .......... 83%  158M 0s
 54500K .......... .......... .......... .......... .......... 83%  186M 0s
 54550K .......... .......... .......... .......... .......... 83%  226M 0s
 54600K .......... .......... .......... .......... .......... 83%  157M 0s
 54650K .......... .......... .......... .......... .......... 83% 8.82M 0s
 54700K .......... .......... .......... .......... .......... 84%  128M 0s
 54750K .......... .......... .......... .......... .......... 84%  110M 0s
 54800K .......... .......... .......... .......... .......... 84%  115M 0s
 54850K .......... .......... .......... .......... .......... 84% 53.1M 0s
 54900K .......... .......... .......... .......... .......... 84%  172M 0s
 54950K .......... .......... .......... .......... .......... 84% 12.0M 0s
 55000K .......... .......... .......... .......... .......... 84%  118M 0s
 55050K .......... .......... .......... .......... .......... 84%  106M 0s
 55100K .......... .......... .......... .......... .......... 84% 80.5M 0s
 55150K .......... .......... .......... .......... .......... 84%  152M 0s
 55200K .......... .......... .......... .......... .......... 84%  129M 0s
 55250K .......... .......... .......... .......... .......... 84%  105M 0s
 55300K .......... .......... .......... .......... .......... 84% 64.2M 0s
 55350K .......... .......... .......... .......... .......... 85%  139M 0s
 55400K .......... .......... .......... .......... .......... 85% 93.0M 0s
 55450K .......... .......... .......... .......... .......... 85%  127M 0s
 55500K .......... .......... .......... .......... .......... 85% 93.1M 0s
 55550K .......... .......... .......... .......... .......... 85% 80.4M 0s
 55600K .......... .......... .......... .......... .......... 85%  101M 0s
 55650K .......... .......... .......... .......... .......... 85%  125M 0s
 55700K .......... .......... .......... .......... .......... 85% 87.2M 0s
 55750K .......... .......... .......... .......... .......... 85%  104M 0s
 55800K .......... .......... .......... .......... .......... 85% 79.6M 0s
 55850K .......... .......... .......... .......... .......... 85%  116M 0s
 55900K .......... .......... .......... .......... .......... 85% 99.3M 0s
 55950K .......... .......... .......... .......... .......... 85%  126M 0s
 56000K .......... .......... .......... .......... .......... 86% 81.7M 0s
 56050K .......... .......... .......... .......... .......... 86%  112M 0s
 56100K .......... .......... .......... .......... .......... 86% 88.9M 0s
 56150K .......... .......... .......... .......... .......... 86%  130M 0s
 56200K .......... .......... .......... .......... .......... 86%  126M 0s
 56250K .......... .......... .......... .......... .......... 86% 77.8M 0s
 56300K .......... .......... .......... .......... .......... 86%  171M 0s
 56350K .......... .......... .......... .......... .......... 86%  225M 0s
 56400K .......... .......... .......... .......... .......... 86%  197M 0s
 56450K .......... .......... .......... .......... .......... 86% 14.1M 0s
 56500K .......... .......... .......... .......... .......... 86% 49.4M 0s
 56550K .......... .......... .......... .......... .......... 86%  128M 0s
 56600K .......... .......... .......... .......... .......... 86%  114M 0s
 56650K .......... .......... .......... .......... .......... 86% 82.3M 0s
 56700K .......... .......... .......... .......... .......... 87% 84.1M 0s
 56750K .......... .......... .......... .......... .......... 87%  118M 0s
 56800K .......... .......... .......... .......... .......... 87%  110M 0s
 56850K .......... .......... .......... .......... .......... 87%  108M 0s
 56900K .......... .......... .......... .......... .......... 87%  131M 0s
 56950K .......... .......... .......... .......... .......... 87% 91.9M 0s
 57000K .......... .......... .......... .......... .......... 87%  125M 0s
 57050K .......... .......... .......... .......... .......... 87%  104M 0s
 57100K .......... .......... .......... .......... .......... 87% 87.6M 0s
 57150K .......... .......... .......... .......... .......... 87% 88.2M 0s
 57200K .......... .......... .......... .......... .......... 87%  123M 0s
 57250K .......... .......... .......... .......... .......... 87% 89.5M 0s
 57300K .......... .......... .......... .......... .......... 87%  121M 0s
 57350K .......... .......... .......... .......... .......... 88%  116M 0s
 57400K .......... .......... .......... .......... .......... 88% 86.9M 0s
 57450K .......... .......... .......... .......... .......... 88%  196M 0s
 57500K .......... .......... .......... .......... .......... 88% 11.6M 0s
 57550K .......... .......... .......... .......... .......... 88% 69.7M 0s
 57600K .......... .......... .......... .......... .......... 88%  110M 0s
 57650K .......... .......... .......... .......... .......... 88% 87.2M 0s
 57700K .......... .......... .......... .......... .......... 88%  137M 0s
 57750K .......... .......... .......... .......... .......... 88%  103M 0s
 57800K .......... .......... .......... .......... .......... 88%  122M 0s
 57850K .......... .......... .......... .......... .......... 88% 73.0M 0s
 57900K .......... .......... .......... .......... .......... 88%  219M 0s
 57950K .......... .......... .......... .......... .......... 88% 15.3M 0s
 58000K .......... .......... .......... .......... .......... 89% 16.1M 0s
 58050K .......... .......... .......... .......... .......... 89%  134M 0s
 58100K .......... .......... .......... .......... .......... 89% 70.8M 0s
 58150K .......... .......... .......... .......... .......... 89%  122M 0s
 58200K .......... .......... .......... .......... .......... 89%  123M 0s
 58250K .......... .......... .......... .......... .......... 89% 77.7M 0s
 58300K .......... .......... .......... .......... .......... 89%  123M 0s
 58350K .......... .......... .......... .......... .......... 89% 83.1M 0s
 58400K .......... .......... .......... .......... .......... 89%  127M 0s
 58450K .......... .......... .......... .......... .......... 89% 87.9M 0s
 58500K .......... .......... .......... .......... .......... 89%  105M 0s
 58550K .......... .......... .......... .......... .......... 89% 73.6M 0s
 58600K .......... .......... .......... .......... .......... 89%  118M 0s
 58650K .......... .......... .......... .......... .......... 90% 70.1M 0s
 58700K .......... .......... .......... .......... .......... 90%  128M 0s
 58750K .......... .......... .......... .......... .......... 90%  104M 0s
 58800K .......... .......... .......... .......... .......... 90% 88.6M 0s
 58850K .......... .......... .......... .......... .......... 90%  103M 0s
 58900K .......... .......... .......... .......... .......... 90%  132M 0s
 58950K .......... .......... .......... .......... .......... 90%  108M 0s
 59000K .......... .......... .......... .......... .......... 90%  127M 0s
 59050K .......... .......... .......... .......... .......... 90% 61.5M 0s
 59100K .......... .......... .......... .......... .......... 90%  115M 0s
 59150K .......... .......... .......... .......... .......... 90%  118M 0s
 59200K .......... .......... .......... .......... .......... 90%  171M 0s
 59250K .......... .......... .......... .......... .......... 90%  143M 0s
 59300K .......... .......... .......... .......... .......... 91%  232M 0s
 59350K .......... .......... .......... .......... .......... 91% 44.8M 0s
 59400K .......... .......... .......... .......... .......... 91% 92.0M 0s
 59450K .......... .......... .......... .......... .......... 91%  118M 0s
 59500K .......... .......... .......... .......... .......... 91% 15.4M 0s
 59550K .......... .......... .......... .......... .......... 91%  110M 0s
 59600K .......... .......... .......... .......... .......... 91% 80.1M 0s
 59650K .......... .......... .......... .......... .......... 91%  121M 0s
 59700K .......... .......... .......... .......... .......... 91% 79.7M 0s
 59750K .......... .......... .......... .......... .......... 91%  121M 0s
 59800K .......... .......... .......... .......... .......... 91% 96.2M 0s
 59850K .......... .......... .......... .......... .......... 91%  125M 0s
 59900K .......... .......... .......... .......... .......... 91%  101M 0s
 59950K .......... .......... .......... .......... .......... 92% 80.9M 0s
 60000K .......... .......... .......... .......... .......... 92% 81.0M 0s
 60050K .......... .......... .......... .......... .......... 92% 96.3M 0s
 60100K .......... .......... .......... .......... .......... 92%  120M 0s
 60150K .......... .......... .......... .......... .......... 92% 91.0M 0s
 60200K .......... .......... .......... .......... .......... 92% 84.2M 0s
 60250K .......... .......... .......... .......... .......... 92%  109M 0s
 60300K .......... .......... .......... .......... .......... 92%  117M 0s
 60350K .......... .......... .......... .......... .......... 92%  222M 0s
 60400K .......... .......... .......... .......... .......... 92%  129M 0s
 60450K .......... .......... .......... .......... .......... 92% 32.2M 0s
 60500K .......... .......... .......... .......... .......... 92%  135M 0s
 60550K .......... .......... .......... .......... .......... 92% 91.8M 0s
 60600K .......... .......... .......... .......... .......... 93%  127M 0s
 60650K .......... .......... .......... .......... .......... 93% 73.8M 0s
 60700K .......... .......... .......... .......... .......... 93%  146M 0s
 60750K .......... .......... .......... .......... .......... 93% 81.6M 0s
 60800K .......... .......... .......... .......... .......... 93%  117M 0s
 60850K .......... .......... .......... .......... .......... 93%  109M 0s
 60900K .......... .......... .......... .......... .......... 93% 15.5M 0s
 60950K .......... .......... .......... .......... .......... 93% 8.77M 0s
 61000K .......... .......... .......... .......... .......... 93%  118M 0s
 61050K .......... .......... .......... .......... .......... 93%  126M 0s
 61100K .......... .......... .......... .......... .......... 93% 77.1M 0s
 61150K .......... .......... .......... .......... .......... 93% 97.9M 0s
 61200K .......... .......... .......... .......... .......... 93% 97.2M 0s
 61250K .......... .......... .......... .......... .......... 94%  102M 0s
 61300K .......... .......... .......... .......... .......... 94%  121M 0s
 61350K .......... .......... .......... .......... .......... 94% 71.1M 0s
 61400K .......... .......... .......... .......... .......... 94%  107M 0s
 61450K .......... .......... .......... .......... .......... 94%  132M 0s
 61500K .......... .......... .......... .......... .......... 94%  109M 0s
 61550K .......... .......... .......... .......... .......... 94%  106M 0s
 61600K .......... .......... .......... .......... .......... 94% 62.9M 0s
 61650K .......... .......... .......... .......... .......... 94%  130M 0s
 61700K .......... .......... .......... .......... .......... 94% 97.9M 0s
 61750K .......... .......... .......... .......... .......... 94%  124M 0s
 61800K .......... .......... .......... .......... .......... 94% 64.7M 0s
 61850K .......... .......... .......... .......... .......... 94%  119M 0s
 61900K .......... .......... .......... .......... .......... 95%  112M 0s
 61950K .......... .......... .......... .......... .......... 95%  129M 0s
 62000K .......... .......... .......... .......... .......... 95% 77.5M 0s
 62050K .......... .......... .......... .......... .......... 95% 90.8M 0s
 62100K .......... .......... .......... .......... .......... 95% 88.8M 0s
 62150K .......... .......... .......... .......... .......... 95%  127M 0s
 62200K .......... .......... .......... .......... .......... 95% 91.4M 0s
 62250K .......... .......... .......... .......... .......... 95% 86.6M 0s
 62300K .......... .......... .......... .......... .......... 95%  206M 0s
 62350K .......... .......... .......... .......... .......... 95%  211M 0s
 62400K .......... .......... .......... .......... .......... 95%  194M 0s
 62450K .......... .......... .......... .......... .......... 95%  226M 0s
 62500K .......... .......... .......... .......... .......... 95% 12.2M 0s
 62550K .......... .......... .......... .......... .......... 96%  106M 0s
 62600K .......... .......... .......... .......... .......... 96%  102M 0s
 62650K .......... .......... .......... .......... .......... 96%  100M 0s
 62700K .......... .......... .......... .......... .......... 96%  117M 0s
 62750K .......... .......... .......... .......... .......... 96% 91.2M 0s
 62800K .......... .......... .......... .......... .......... 96%  108M 0s
 62850K .......... .......... .......... .......... .......... 96% 90.6M 0s
 62900K .......... .......... .......... .......... .......... 96%  132M 0s
 62950K .......... .......... .......... .......... .......... 96% 60.5M 0s
 63000K .......... .......... .......... .......... .......... 96%  125M 0s
 63050K .......... .......... .......... .......... .......... 96% 98.1M 0s
 63100K .......... .......... .......... .......... .......... 96%  107M 0s
 63150K .......... .......... .......... .......... .......... 96%  122M 0s
 63200K .......... .......... .......... .......... .......... 97% 80.8M 0s
 63250K .......... .......... .......... .......... .......... 97% 95.3M 0s
 63300K .......... .......... .......... .......... .......... 97%  142M 0s
 63350K .......... .......... .......... .......... .......... 97% 89.5M 0s
 63400K .......... .......... .......... .......... .......... 97% 88.5M 0s
 63450K .......... .......... .......... .......... .......... 97% 71.0M 0s
 63500K .......... .......... .......... .......... .......... 97%  117M 0s
 63550K .......... .......... .......... .......... .......... 97%  105M 0s
 63600K .......... .......... .......... .......... .......... 97%  105M 0s
 63650K .......... .......... .......... .......... .......... 97% 66.0M 0s
 63700K .......... .......... .......... .......... .......... 97%  164M 0s
 63750K .......... .......... .......... .......... .......... 97%  200M 0s
 63800K .......... .......... .......... .......... .......... 97%  153M 0s
 63850K .......... .......... .......... .......... .......... 98%  189M 0s
 63900K .......... .......... .......... .......... .......... 98% 41.7M 0s
 63950K .......... .......... .......... .......... .......... 98%  132M 0s
 64000K .......... .......... .......... .......... .......... 98% 5.55M 0s
 64050K .......... .......... .......... .......... .......... 98%  131M 0s
 64100K .......... .......... .......... .......... .......... 98% 78.5M 0s
 64150K .......... .......... .......... .......... .......... 98% 78.0M 0s
 64200K .......... .......... .......... .......... .......... 98%  108M 0s
 64250K .......... .......... .......... .......... .......... 98%  125M 0s
 64300K .......... .......... .......... .......... .......... 98%  109M 0s
 64350K .......... .......... .......... .......... .......... 98% 84.2M 0s
 64400K .......... .......... .......... .......... .......... 98%  124M 0s
 64450K .......... .......... .......... .......... .......... 98% 98.6M 0s
 64500K .......... .......... .......... .......... .......... 99%  110M 0s
 64550K .......... .......... .......... .......... .......... 99% 76.2M 0s
 64600K .......... .......... .......... .......... .......... 99% 90.9M 0s
 64650K .......... .......... .......... .......... .......... 99% 95.5M 0s
 64700K .......... .......... .......... .......... .......... 99%  120M 0s
 64750K .......... .......... .......... .......... .......... 99%  102M 0s
 64800K .......... .......... .......... .......... .......... 99% 81.6M 0s
 64850K .......... .......... .......... .......... .......... 99%  112M 0s
 64900K .......... .......... .......... .......... .......... 99%  104M 0s
 64950K .......... .......... .......... .......... .......... 99% 76.4M 0s
 65000K .......... .......... .......... .......... .......... 99%  219M 0s
 65050K .......... .......... .......... .......... .......... 99%  154M 0s
 65100K .......... .......... .......... .......... .......... 99%  170M 0s
 65150K .......... .......... ...                             100%  775K=1.5s

2020-02-29 06:19:08 (43.7 MB/s) - '/home/PlexCollection/showTemp/OfficeS1S9/The Office (US) - 9x18.mp4' saved [66737338/66737338]

